<?xml version="1.0" encoding="UTF-8"?>
<testng-results ignored="0" total="1" passed="1" failed="0" skipped="0">
  <reporter-output>
  </reporter-output>
  <suite started-at="2022-09-14T20:34:50 IST" name="Suite" finished-at="2022-09-14T20:35:05 IST" duration-ms="14259">
    <groups>
    </groups>
    <test started-at="2022-09-14T20:34:50 IST" name="TestVagrant" finished-at="2022-09-14T20:35:05 IST" duration-ms="14259">
      <class name="test.ValidateInfo">
        <test-method signature="run()[pri:0, instance:test.ValidateInfo@5119fb47]" started-at="2022-09-14T20:34:50 IST" name="run" finished-at="2022-09-14T20:35:05 IST" duration-ms="14185" status="PASS">
          <reporter-output>
          </reporter-output>
        </test-method> <!-- run -->
      </class> <!-- test.ValidateInfo -->
    </test> <!-- TestVagrant -->
  </suite> <!-- Suite -->
</testng-results>
